<?xml version="1.0" encoding="UTF-8"?>
<testsuite name="com.example.objectmapper.ObjectMapperApplicationTests" tests="1" skipped="0" failures="0" errors="0" timestamp="2021-09-10T14:37:18" hostname="MacBook-Pro.local" time="0.462">
  <properties/>
  <testcase name="contextLoads()" classname="com.example.objectmapper.ObjectMapperApplicationTests" time="0.462"/>
  <system-out><![CDATA[23:37:11.384 [Test worker] DEBUG org.springframework.test.context.BootstrapUtils - Instantiating CacheAwareContextLoaderDelegate from class [org.springframework.test.context.cache.DefaultCacheAwareContextLoaderDelegate]
23:37:11.396 [Test worker] DEBUG org.springframework.test.context.BootstrapUtils - Instantiating BootstrapContext using constructor [public org.springframework.test.context.support.DefaultBootstrapContext(java.lang.Class,org.springframework.test.context.CacheAwareContextLoaderDelegate)]
23:37:11.423 [Test worker] DEBUG org.springframework.test.context.BootstrapUtils - Instantiating TestContextBootstrapper for test class [com.example.objectmapper.ObjectMapperApplicationTests] from class [org.springframework.boot.test.context.SpringBootTestContextBootstrapper]
23:37:11.433 [Test worker] INFO org.springframework.boot.test.context.SpringBootTestContextBootstrapper - Neither @ContextConfiguration nor @ContextHierarchy found for test class [com.example.objectmapper.ObjectMapperApplicationTests], using SpringBootContextLoader
23:37:11.436 [Test worker] DEBUG org.springframework.test.context.support.AbstractContextLoader - Did not detect default resource location for test class [com.example.objectmapper.ObjectMapperApplicationTests]: class path resource [com/example/objectmapper/ObjectMapperApplicationTests-context.xml] does not exist
23:37:11.437 [Test worker] DEBUG org.springframework.test.context.support.AbstractContextLoader - Did not detect default resource location for test class [com.example.objectmapper.ObjectMapperApplicationTests]: class path resource [com/example/objectmapper/ObjectMapperApplicationTestsContext.groovy] does not exist
23:37:11.437 [Test worker] INFO org.springframework.test.context.support.AbstractContextLoader - Could not detect default resource locations for test class [com.example.objectmapper.ObjectMapperApplicationTests]: no resource found for suffixes {-context.xml, Context.groovy}.
23:37:11.438 [Test worker] INFO org.springframework.test.context.support.AnnotationConfigContextLoaderUtils - Could not detect default configuration classes for test class [com.example.objectmapper.ObjectMapperApplicationTests]: ObjectMapperApplicationTests does not declare any static, non-private, non-final, nested classes annotated with @Configuration.
23:37:11.475 [Test worker] DEBUG org.springframework.test.context.support.ActiveProfilesUtils - Could not find an 'annotation declaring class' for annotation type [org.springframework.test.context.ActiveProfiles] and class [com.example.objectmapper.ObjectMapperApplicationTests]
23:37:11.523 [Test worker] DEBUG org.springframework.context.annotation.ClassPathScanningCandidateComponentProvider - Identified candidate component class: file [/Users/limhangil/Documents/enroute/SpringStudy/object-mapper/build/classes/java/main/com/example/objectmapper/ObjectMapperApplication.class]
23:37:11.526 [Test worker] INFO org.springframework.boot.test.context.SpringBootTestContextBootstrapper - Found @SpringBootConfiguration com.example.objectmapper.ObjectMapperApplication for test class com.example.objectmapper.ObjectMapperApplicationTests
23:37:11.620 [Test worker] DEBUG org.springframework.boot.test.context.SpringBootTestContextBootstrapper - @TestExecutionListeners is not present for class [com.example.objectmapper.ObjectMapperApplicationTests]: using defaults.
23:37:11.621 [Test worker] INFO org.springframework.boot.test.context.SpringBootTestContextBootstrapper - Loaded default TestExecutionListener class names from location [META-INF/spring.factories]: [org.springframework.boot.test.autoconfigure.restdocs.RestDocsTestExecutionListener, org.springframework.boot.test.autoconfigure.web.client.MockRestServiceServerResetTestExecutionListener, org.springframework.boot.test.autoconfigure.web.servlet.MockMvcPrintOnlyOnFailureTestExecutionListener, org.springframework.boot.test.autoconfigure.web.servlet.WebDriverTestExecutionListener, org.springframework.boot.test.autoconfigure.webservices.client.MockWebServiceServerTestExecutionListener, org.springframework.boot.test.mock.mockito.MockitoTestExecutionListener, org.springframework.boot.test.mock.mockito.ResetMocksTestExecutionListener, org.springframework.test.context.web.ServletTestExecutionListener, org.springframework.test.context.support.DirtiesContextBeforeModesTestExecutionListener, org.springframework.test.context.event.ApplicationEventsTestExecutionListener, org.springframework.test.context.support.DependencyInjectionTestExecutionListener, org.springframework.test.context.support.DirtiesContextTestExecutionListener, org.springframework.test.context.transaction.TransactionalTestExecutionListener, org.springframework.test.context.jdbc.SqlScriptsTestExecutionListener, org.springframework.test.context.event.EventPublishingTestExecutionListener]
23:37:11.634 [Test worker] DEBUG org.springframework.boot.test.context.SpringBootTestContextBootstrapper - Skipping candidate TestExecutionListener [org.springframework.test.context.transaction.TransactionalTestExecutionListener] due to a missing dependency. Specify custom listener classes or make the default listener classes and their required dependencies available. Offending class: [org/springframework/transaction/interceptor/TransactionAttributeSource]
23:37:11.635 [Test worker] DEBUG org.springframework.boot.test.context.SpringBootTestContextBootstrapper - Skipping candidate TestExecutionListener [org.springframework.test.context.jdbc.SqlScriptsTestExecutionListener] due to a missing dependency. Specify custom listener classes or make the default listener classes and their required dependencies available. Offending class: [org/springframework/transaction/interceptor/TransactionAttribute]
23:37:11.635 [Test worker] INFO org.springframework.boot.test.context.SpringBootTestContextBootstrapper - Using TestExecutionListeners: [org.springframework.test.context.web.ServletTestExecutionListener@26cf31d4, org.springframework.test.context.support.DirtiesContextBeforeModesTestExecutionListener@6beca370, org.springframework.test.context.event.ApplicationEventsTestExecutionListener@5d6a9a82, org.springframework.boot.test.mock.mockito.MockitoTestExecutionListener@489b1e17, org.springframework.boot.test.autoconfigure.SpringBootDependencyInjectionTestExecutionListener@1785d741, org.springframework.test.context.support.DirtiesContextTestExecutionListener@19fc11e2, org.springframework.test.context.event.EventPublishingTestExecutionListener@104b26d5, org.springframework.boot.test.autoconfigure.restdocs.RestDocsTestExecutionListener@30e96d, org.springframework.boot.test.autoconfigure.web.client.MockRestServiceServerResetTestExecutionListener@39b609f5, org.springframework.boot.test.autoconfigure.web.servlet.MockMvcPrintOnlyOnFailureTestExecutionListener@403c6c20, org.springframework.boot.test.autoconfigure.web.servlet.WebDriverTestExecutionListener@908977c, org.springframework.boot.test.autoconfigure.webservices.client.MockWebServiceServerTestExecutionListener@ef46cb1, org.springframework.boot.test.mock.mockito.ResetMocksTestExecutionListener@704253b]
23:37:11.639 [Test worker] DEBUG org.springframework.test.context.support.AbstractDirtiesContextTestExecutionListener - Before test class: context [DefaultTestContext@4a5252ca testClass = ObjectMapperApplicationTests, testInstance = [null], testMethod = [null], testException = [null], mergedContextConfiguration = [WebMergedContextConfiguration@42a6c6d5 testClass = ObjectMapperApplicationTests, locations = '{}', classes = '{class com.example.objectmapper.ObjectMapperApplication}', contextInitializerClasses = '[]', activeProfiles = '{}', propertySourceLocations = '{}', propertySourceProperties = '{org.springframework.boot.test.context.SpringBootTestContextBootstrapper=true}', contextCustomizers = set[org.springframework.boot.test.autoconfigure.actuate.metrics.MetricsExportContextCustomizerFactory$DisableMetricExportContextCustomizer@5bf6d10f, org.springframework.boot.test.autoconfigure.properties.PropertyMappingContextCustomizer@0, org.springframework.boot.test.autoconfigure.web.servlet.WebDriverContextCustomizerFactory$Customizer@b27c458, org.springframework.boot.test.context.filter.ExcludeFilterContextCustomizer@3e540f7d, org.springframework.boot.test.json.DuplicateJsonObjectContextCustomizerFactory$DuplicateJsonObjectContextCustomizer@3e7045d9, org.springframework.boot.test.mock.mockito.MockitoContextCustomizer@0, org.springframework.boot.test.web.client.TestRestTemplateContextCustomizer@5b6284b3, org.springframework.boot.test.context.SpringBootTestArgs@1, org.springframework.boot.test.context.SpringBootTestWebEnvironment@e48335e], resourceBasePath = 'src/main/webapp', contextLoader = 'org.springframework.boot.test.context.SpringBootContextLoader', parent = [null]], attributes = map['org.springframework.test.context.web.ServletTestExecutionListener.activateListener' -> true]], class annotated with @DirtiesContext [false] with mode [null].
23:37:11.673 [Test worker] DEBUG org.springframework.test.context.support.TestPropertySourceUtils - Adding inlined properties to environment: {spring.jmx.enabled=false, org.springframework.boot.test.context.SpringBootTestContextBootstrapper=true}

  .   ____          _            __ _ _
 /\\ / ___'_ __ _ _(_)_ __  __ _ \ \ \ \
( ( )\___ | '_ | '_| | '_ \/ _` | \ \ \ \
 \\/  ___)| |_)| | | | | || (_| |  ) ) ) )
  '  |____| .__|_| |_|_| |_\__, | / / / /
 =========|_|==============|___/=/_/_/_/
 :: Spring Boot ::                (v2.5.4)

2021-09-10 23:37:17.001  INFO 37461 --- [    Test worker] c.e.o.ObjectMapperApplicationTests       : Starting ObjectMapperApplicationTests using Java 14.0.2 on MacBook-Pro.local with PID 37461 (started by limhangil in /Users/limhangil/Documents/enroute/SpringStudy/object-mapper)
2021-09-10 23:37:17.004  INFO 37461 --- [    Test worker] c.e.o.ObjectMapperApplicationTests       : No active profile set, falling back to default profiles: default
2021-09-10 23:37:18.038  INFO 37461 --- [    Test worker] c.e.o.ObjectMapperApplicationTests       : Started ObjectMapperApplicationTests in 6.356 seconds (JVM running for 7.4)
hello
{"name":"임한길","age":10,"phone_number":"010-1111-2222"}
User{name='임한길', age=10, phoneNumber='010-1111-2222'}
]]></system-out>
  <system-err><![CDATA[]]></system-err>
</testsuite>
